<?xml version="1.0" encoding="UTF-8"?>
<!-- Generated by org.testng.reporters.JUnitReportReporter -->
<testsuite hostname="Rahman_PC" name="Test.ebfstest" tests="4" failures="0" timestamp="17 Jan 2016 01:23:58 GMT" time="210.215" errors="0">
  <testcase name="NewAccount" time="70.947" classname="Test.ebfstest"/>
  <testcase name="Homepage" time="48.571" classname="Test.ebfstest"/>
  <testcase name="CreateAccount" time="46.269" classname="Test.ebfstest"/>
  <testcase name="ExistingAccount" time="44.428" classname="Test.ebfstest"/>
</testsuite> <!-- Test.ebfstest -->
