<?xml version="1.0" encoding="UTF-8"?>
<!-- Generated by org.testng.reporters.JUnitReportReporter -->
<testsuite hostname="Rahman_PC" name="Test.ebfstest" tests="4" failures="0" timestamp="7 Jan 2016 21:29:46 GMT" time="204.224" errors="0">
  <testcase name="NewAccount" time="68.523" classname="Test.ebfstest"/>
  <testcase name="CreateAccount" time="46.762" classname="Test.ebfstest"/>
  <testcase name="ExistingAccount" time="49.780" classname="Test.ebfstest"/>
  <testcase name="Homepage" time="39.159" classname="Test.ebfstest"/>
</testsuite> <!-- Test.ebfstest -->
